<?xml version="1.0" encoding="UTF-8"?>
<!-- Generated by org.testng.reporters.JUnitXMLReporter -->
<testsuite ignored="0" hostname="ANILMITTANOSALA05" failures="0" tests="1" name="Test-Runner-FireFox" time="3.329" errors="0" timestamp="2023-07-25T23:10:46 IST">
  <testcase classname="baseClassPractice.CreateContactsWithOrganizationTest" name="CreateContactsWithOrgTest" time="0.0">
    <skipped/>
  </testcase> <!-- CreateContactsWithOrgTest -->
</testsuite> <!-- Test-Runner-FireFox -->
