<?xml version="1.0" encoding="UTF-8"?>
<!-- Generated by org.testng.reporters.JUnitXMLReporter -->
<testsuite ignored="0" hostname="ANILMITTANOSALA05" failures="0" tests="0" time="0.039" errors="0" timestamp="2023-07-25T22:52:04 IST">
</testsuite>
