<?xml version="1.0" encoding="UTF-8"?>
<!-- Generated by org.testng.reporters.JUnitReportReporter -->
<testsuite hostname="ANILMITTANOSALA05" failures="0" tests="4" name="testNG.Practice.TestNGPractice" time="0.019" errors="0" timestamp="2023-07-17T21:00:48 IST" skipped="0">
  <testcase classname="testNG.Practice.TestNGPractice" name="deleteCustomer" time="0.015"/>
  <system-out/>
  <testcase classname="testNG.Practice.TestNGPractice" name="deleteCustomer" time="0.002"/>
  <system-out/>
  <testcase classname="testNG.Practice.TestNGPractice" name="createcustomer" time="0.001"/>
  <system-out/>
  <testcase classname="testNG.Practice.TestNGPractice" name="modifiyCustomer" time="0.001"/>
  <system-out/>
</testsuite> <!-- testNG.Practice.TestNGPractice -->
