<?xml version="1.0" encoding="UTF-8"?>
<!-- Generated by org.testng.reporters.JUnitReportReporter -->
<testsuite hostname="ANILMITTANOSALA05" failures="0" tests="1" name="testNG.Practice.CreateContactsWithOrganizationTest" time="87.935" errors="0" timestamp="2023-07-17T20:12:38 IST" skipped="0">
  <testcase classname="testNG.Practice.CreateContactsWithOrganizationTest" name="CreateContactsWithOrgTest" time="87.935"/>
  <system-out/>
</testsuite> <!-- testNG.Practice.CreateContactsWithOrganizationTest -->
