<?xml version="1.0" encoding="UTF-8"?>
<!-- Generated by org.testng.reporters.JUnitReportReporter -->
<testsuite hostname="ANILMITTANOSALA05" failures="0" tests="5" name="testNG.Practice.CreateMultipleOrgWithIndustry" time="281.232" errors="0" timestamp="2023-07-19T12:13:42 IST" skipped="0">
  <testcase classname="testNG.Practice.CreateMultipleOrgWithIndustry" name="createMultipleOrg" time="78.283"/>
  <system-out/>
  <testcase classname="testNG.Practice.CreateMultipleOrgWithIndustry" name="createMultipleOrg" time="21.930"/>
  <system-out/>
  <testcase classname="testNG.Practice.CreateMultipleOrgWithIndustry" name="createMultipleOrg" time="101.755"/>
  <system-out/>
  <testcase classname="testNG.Practice.CreateMultipleOrgWithIndustry" name="createMultipleOrg" time="45.393"/>
  <system-out/>
  <testcase classname="testNG.Practice.CreateMultipleOrgWithIndustry" name="createMultipleOrg" time="33.871"/>
  <system-out/>
</testsuite> <!-- testNG.Practice.CreateMultipleOrgWithIndustry -->
