<?xml version="1.0" encoding="UTF-8"?>
<!-- Generated by org.testng.reporters.JUnitReportReporter -->
<testsuite hostname="ANILMITTANOSALA05" failures="0" tests="1" name="vtiger.Pratcie.ReadDataFromCmdLineTest" time="0.022" errors="0" timestamp="2023-08-01T20:17:25 IST" skipped="0">
  <testcase classname="vtiger.Pratcie.ReadDataFromCmdLineTest" name="readDataFromCmd" time="0.022"/>
  <system-out/>
</testsuite> <!-- vtiger.Pratcie.ReadDataFromCmdLineTest -->
