<?xml version="1.0" encoding="UTF-8"?>
<!-- Generated by org.testng.reporters.JUnitReportReporter -->
<testsuite hostname="ANILMITTANOSALA05" failures="0" tests="3" name="testNG.Practice.DataProviderPratcie" time="0.013" errors="0" timestamp="2023-07-18T22:03:21 IST" skipped="0">
  <testcase classname="testNG.Practice.DataProviderPratcie" name="addToCartTest" time="0.001"/>
  <system-out/>
  <testcase classname="testNG.Practice.DataProviderPratcie" name="addToCartTest" time="0.002"/>
  <system-out/>
  <testcase classname="testNG.Practice.DataProviderPratcie" name="addToCartTest" time="0.010"/>
  <system-out/>
</testsuite> <!-- testNG.Practice.DataProviderPratcie -->
