<?xml version="1.0" encoding="UTF-8"?>
<!-- Generated by org.testng.reporters.JUnitReportReporter -->
<testsuite hostname="ANILMITTANOSALA05" failures="0" tests="5" name="baseClassPractice.CreateMultipleOrgWithIndustry" time="207.100" errors="0" timestamp="2023-07-20T23:14:13 IST" skipped="0">
  <testcase classname="baseClassPractice.CreateMultipleOrgWithIndustry" name="createMultipleOrg" time="78.689"/>
  <system-out/>
  <testcase classname="baseClassPractice.CreateMultipleOrgWithIndustry" name="createMultipleOrg" time="30.862"/>
  <system-out/>
  <testcase classname="baseClassPractice.CreateMultipleOrgWithIndustry" name="createMultipleOrg" time="30.972"/>
  <system-out/>
  <testcase classname="baseClassPractice.CreateMultipleOrgWithIndustry" name="createMultipleOrg" time="36.631"/>
  <system-out/>
  <testcase classname="baseClassPractice.CreateMultipleOrgWithIndustry" name="createMultipleOrg" time="29.946"/>
  <system-out/>
</testsuite> <!-- baseClassPractice.CreateMultipleOrgWithIndustry -->
